#
# There is insufficient memory for the Java Runtime Environment to continue.
# Native memory allocation (malloc) failed to allocate 1071136 bytes for Chunk::new
# Possible reasons:
#   The system is out of physical RAM or swap space
#   The process is running with CompressedOops enabled, and the Java Heap may be blocking the growth of the native heap
# Possible solutions:
#   Reduce memory load on the system
#   Increase physical memory or swap space
#   Check if swap backing store is full
#   Decrease Java heap size (-Xmx/-Xms)
#   Decrease number of Java threads
#   Decrease Java thread stack sizes (-Xss)
#   Set larger code cache with -XX:ReservedCodeCacheSize=
#   JVM is running with Unscaled Compressed Oops mode in which the Java heap is
#     placed in the first 4GB address space. The Java Heap base address is the
#     maximum limit for the native heap growth. Please use -XX:HeapBaseMinAddress
#     to set the Java Heap base and to place the Java Heap above 4GB virtual address.
# This output file may be truncated or incomplete.
#
#  Out of Memory Error (allocation.cpp:389), pid=8176, tid=0x0000000000000728
#
# JRE version: OpenJDK Runtime Environment (8.0_242-b01) (build 1.8.0_242-release-1644-b01)
# Java VM: OpenJDK 64-Bit Server VM (25.242-b01 mixed mode windows-amd64 compressed oops)
# Failed to write core dump. Minidumps are not enabled by default on client versions of Windows
#

---------------  T H R E A D  ---------------

Current thread (0x0000000017f13800):  JavaThread "C2 CompilerThread0" daemon [_thread_in_native, id=1832, stack(0x0000000019570000,0x0000000019670000)]

Stack: [0x0000000019570000,0x0000000019670000]
[error occurred during error reporting (printing stack bounds), id 0xc0000005]

Native frames: (J=compiled Java code, j=interpreted, Vv=VM code, C=native code)


Current CompileTask:
C2:5747703 13706   !   4       java.io.ObjectOutputStream::writeObject0 (619 bytes)


---------------  P R O C E S S  ---------------

Java Threads: ( => current thread )
  0x000000001f495000 JavaThread "MarlinRenderer Disposer" daemon [_thread_blocked, id=12240, stack(0x0000000028ea0000,0x0000000028fa0000)]
  0x000000001f499800 JavaThread "Java2D Disposer" daemon [_thread_blocked, id=17188, stack(0x0000000028aa0000,0x0000000028ba0000)]
  0x000000001f497800 JavaThread "WorkerExecutor Queue Thread 4" [_thread_blocked, id=1980, stack(0x00000000287a0000,0x00000000288a0000)]
  0x000000001f496000 JavaThread "WorkerExecutor Queue Thread 3" [_thread_blocked, id=1216, stack(0x00000000286a0000,0x00000000287a0000)]
  0x000000001f49a800 JavaThread "WorkerExecutor Queue Thread 2" [_thread_blocked, id=15832, stack(0x00000000285a0000,0x00000000286a0000)]
  0x000000001e507800 JavaThread "WorkerExecutor Queue" [_thread_blocked, id=14020, stack(0x0000000027aa0000,0x0000000027ba0000)]
  0x000000001e506000 JavaThread "Cache worker for execution history cache (E:\AndroidStudioProjects\JustLaw\.gradle\6.1.1\executionHistory)" [_thread_blocked, id=13012, stack(0x00000000279a0000,0x0000000027aa0000)]
  0x000000001e500000 JavaThread "Cache worker for file content cache (E:\AndroidStudioProjects\JustLaw\.gradle\6.1.1\fileContent)" [_thread_blocked, id=17904, stack(0x0000000027190000,0x0000000027290000)]
  0x000000001e501800 JavaThread "Cache worker for file content cache (C:\Users\thezodiac\.gradle\caches\6.1.1\fileContent)" [_thread_blocked, id=17236, stack(0x0000000026da0000,0x0000000026ea0000)]
  0x000000001e4fe800 JavaThread "Memory manager" [_thread_blocked, id=13144, stack(0x0000000025bf0000,0x0000000025cf0000)]
  0x000000001e4fd000 JavaThread "Cache worker for Build Output Cleanup Cache (E:\AndroidStudioProjects\JustLaw\.gradle\buildOutputCleanup)" [_thread_blocked, id=11576, stack(0x0000000025820000,0x0000000025920000)]
  0x000000001e4fd800 JavaThread "Build operations Thread 4" [_thread_blocked, id=4344, stack(0x0000000024240000,0x0000000024340000)]
  0x0000000017f29800 JavaThread "Build operations Thread 3" [_thread_blocked, id=3256, stack(0x0000000023a40000,0x0000000023b40000)]
  0x0000000017f28000 JavaThread "Build operations Thread 2" [_thread_blocked, id=13456, stack(0x0000000021570000,0x0000000021670000)]
  0x0000000017f27000 JavaThread "Build operations" [_thread_blocked, id=17788, stack(0x0000000021470000,0x0000000021570000)]
  0x0000000017f25000 JavaThread "Cache worker for cache directory md-rule (C:\Users\thezodiac\.gradle\caches\6.1.1\md-rule)" [_thread_blocked, id=7840, stack(0x0000000021370000,0x0000000021470000)]
  0x000000001a3cf800 JavaThread "Cache worker for cache directory md-supplier (C:\Users\thezodiac\.gradle\caches\6.1.1\md-supplier)" [_thread_blocked, id=11356, stack(0x000000001d790000,0x000000001d890000)]
  0x000000001a3ce800 JavaThread "Cache worker for file hash cache (E:\AndroidStudioProjects\JustLaw\.gradle\6.1.1\fileHashes)" [_thread_blocked, id=10332, stack(0x000000001d690000,0x000000001d790000)]
  0x000000001a3ca000 JavaThread "Cache worker for checksums cache (E:\AndroidStudioProjects\JustLaw\.gradle\checksums)" [_thread_blocked, id=2320, stack(0x000000001d590000,0x000000001d690000)]
  0x000000001a3cc800 JavaThread "Thread-28" [_thread_blocked, id=14816, stack(0x000000001d490000,0x000000001d590000)]
  0x000000001a3ce000 JavaThread "Stdin handler" [_thread_blocked, id=11036, stack(0x000000001d390000,0x000000001d490000)]
  0x000000001a3c2000 JavaThread "Asynchronous log dispatcher for DefaultDaemonConnection: socket connection from /127.0.0.1:61533 to /127.0.0.1:56578" [_thread_blocked, id=17880, stack(0x000000001d090000,0x000000001d190000)]
  0x000000001a3c8000 JavaThread "Daemon worker Thread 2" [_thread_in_native, id=9496, stack(0x000000001cf90000,0x000000001d090000)]
  0x000000001a3c0000 JavaThread "Cancel handler" [_thread_blocked, id=14492, stack(0x0000000001760000,0x0000000001860000)]
  0x000000001a3c7000 JavaThread "Handler for socket connection from /127.0.0.1:61533 to /127.0.0.1:56578" [_thread_in_native, id=10960, stack(0x0000000001660000,0x0000000001760000)]
  0x000000001a3c3800 JavaThread "Daemon Thread 2" [_thread_blocked, id=17064, stack(0x0000000001560000,0x0000000001660000)]
  0x0000000017f26800 JavaThread "Cache worker for execution history cache (C:\Users\thezodiac\.gradle\caches\6.1.1\executionHistory)" [_thread_blocked, id=14784, stack(0x0000000021670000,0x0000000021770000)]
  0x0000000017f25800 JavaThread "Cache worker for file hash cache (C:\Users\thezodiac\.gradle\caches\6.1.1\fileHashes)" [_thread_blocked, id=12024, stack(0x000000001dc90000,0x000000001dd90000)]
  0x0000000017f2a000 JavaThread "File lock request listener" [_thread_in_native, id=7356, stack(0x000000001db90000,0x000000001dc90000)]
  0x000000001b905800 JavaThread "Cache worker for journal cache (C:\Users\thezodiac\.gradle\caches\journal-1)" [_thread_blocked, id=12864, stack(0x000000001da90000,0x000000001db90000)]
  0x000000001b7e3000 JavaThread "Daemon periodic checks" [_thread_blocked, id=1412, stack(0x000000001ce90000,0x000000001cf90000)]
  0x000000001b7ea000 JavaThread "Incoming local TCP Connector on port 61533" [_thread_in_native, id=13284, stack(0x000000001cc50000,0x000000001cd50000)]
  0x000000001b748800 JavaThread "Daemon health stats" [_thread_blocked, id=6256, stack(0x000000001c610000,0x000000001c710000)]
  0x00000000198a1800 JavaThread "Service Thread" daemon [_thread_blocked, id=8880, stack(0x0000000019c70000,0x0000000019d70000)]
  0x0000000017f24000 JavaThread "C1 CompilerThread2" daemon [_thread_blocked, id=11548, stack(0x0000000019770000,0x0000000019870000)]
  0x0000000017f1d000 JavaThread "C2 CompilerThread1" daemon [_thread_in_native, id=12568, stack(0x0000000019670000,0x0000000019770000)]
=>0x0000000017f13800 JavaThread "C2 CompilerThread0" daemon [_thread_in_native, id=1832, stack(0x0000000019570000,0x0000000019670000)]
  0x0000000017f12000 JavaThread "Attach Listener" daemon [_thread_blocked, id=17876, stack(0x0000000019470000,0x0000000019570000)]
  0x0000000017f11000 JavaThread "Signal Dispatcher" daemon [_thread_blocked, id=7988, stack(0x0000000019370000,0x0000000019470000)]
  0x00000000032eb000 JavaThread "Finalizer" daemon [_thread_blocked, id=1100, stack(0x0000000019170000,0x0000000019270000)]
  0x0000000017ef9000 JavaThread "Reference Handler" daemon [_thread_blocked, id=11260, stack(0x0000000019070000,0x0000000019170000)]
  0x000000000318e800 JavaThread "main" [_thread_blocked, id=11116, stack(0x0000000003000000,0x0000000003100000)]

Other Threads:
  0x0000000017ed7800 VMThread [stack: 0x0000000018f70000,0x0000000019070000] [id=9960]
  0x00000000198a4000 WatcherThread [stack: 0x0000000019d70000,0x0000000019e70000] [id=9888]

VM state:not at safepoint (normal execution)

VM Mutex/Monitor currently owned by a thread: None

heap address: 0x0000000080000000, size: 2048 MB, Compressed Oops mode: 32-bit
Narrow klass base: 0x0000000000000000, Narrow klass shift: 3
Compressed class space size: 1073741824 Address: 0x0000000100000000

Heap:
 PSYoungGen      total 340480K, used 285090K [0x00000000d5580000, 0x00000000f0680000, 0x0000000100000000)
  eden space 312832K, 82% used [0x00000000d5580000,0x00000000e50eb1e8,0x00000000e8700000)
  from space 27648K, 99% used [0x00000000e8700000,0x00000000ea1fd810,0x00000000ea200000)
  to   space 37888K, 0% used [0x00000000ee180000,0x00000000ee180000,0x00000000f0680000)
 ParOldGen       total 132096K, used 52584K [0x0000000080000000, 0x0000000088100000, 0x00000000d5580000)
  object space 132096K, 39% used [0x0000000080000000,0x000000008335a268,0x0000000088100000)
 Metaspace       used 88519K, capacity 92414K, committed 92720K, reserved 1130496K
  class space    used 11454K, capacity 12259K, committed 12336K, reserved 1048576K

Card table byte_map: [0x00000000126b0000,0x0000000012ac0000] byte_map_base: 0x00000000122b0000

Marking Bits: (ParMarkBitMap*) 0x000000005338f030
 Begin Bits: [0x0000000013170000, 0x0000000015170000)
 End Bits:   [0x0000000015170000, 0x0000000017170000)

Polling page: 0x0000000001400000

CodeCache: size=245760Kb used=38004Kb max_used=38994Kb free=207755Kb
 bounds [0x00000000032f0000, 0x0000000005930000, 0x00000000122f0000]
 total_blobs=12530 nmethods=11564 adapters=878
 compilation: enabled

Compilation events (10 events):
Event: 5747.531 Thread 0x0000000017f1d000 nmethod 13725 0x00000000039a0710 code [0x00000000039a0860, 0x00000000039a0ab8]
Event: 5747.531 Thread 0x0000000017f1d000 13727       4       java.io.ObjectStreamClass$FieldReflector::getPrimFieldValues (317 bytes)
Event: 5747.539 Thread 0x0000000017f1d000 nmethod 13727 0x0000000004424e50 code [0x0000000004425100, 0x0000000004425540]
Event: 5747.539 Thread 0x0000000017f1d000 13728   !   4       java.io.ObjectOutputStream::writeSerialData (221 bytes)
Event: 5747.548 Thread 0x0000000017f24000 13731       1       com.google.common.cache.LocalCache$StrongValueReference::isActive (2 bytes)
Event: 5747.548 Thread 0x0000000017f24000 nmethod 13731 0x000000000517c1d0 code [0x000000000517c320, 0x000000000517c430]
Event: 5747.548 Thread 0x0000000017f24000 13732       1       com.google.common.cache.RemovalCause$1::wasEvicted (2 bytes)
Event: 5747.548 Thread 0x0000000017f24000 nmethod 13732 0x0000000003c6c950 code [0x0000000003c6caa0, 0x0000000003c6cbb0]
Event: 5747.699 Thread 0x0000000017f1d000 nmethod 13728 0x000000000542d8d0 code [0x000000000542dbe0, 0x0000000005430278]
Event: 5747.699 Thread 0x0000000017f1d000 13721       4       java.io.ObjectOutputStream::writeClassDesc (60 bytes)

GC Heap History (10 events):
Event: 12.554 GC heap before
{Heap before GC invocations=12 (full 2):
 PSYoungGen      total 221184K, used 121293K [0x00000000d5580000, 0x00000000e7a00000, 0x0000000100000000)
  eden space 207360K, 51% used [0x00000000d5580000,0x00000000dbe7a920,0x00000000e2000000)
  from space 13824K, 99% used [0x00000000e2000000,0x00000000e2d78d88,0x00000000e2d80000)
  to   space 17408K, 0% used [0x00000000e6900000,0x00000000e6900000,0x00000000e7a00000)
 ParOldGen       total 85504K, used 20207K [0x0000000080000000, 0x0000000085380000, 0x00000000d5580000)
  object space 85504K, 23% used [0x0000000080000000,0x00000000813bbfb8,0x0000000085380000)
 Metaspace       used 56985K, capacity 59136K, committed 59160K, reserved 1099776K
  class space    used 7596K, capacity 8103K, committed 8112K, reserved 1048576K
Event: 12.590 GC heap after
Heap after GC invocations=12 (full 2):
 PSYoungGen      total 277504K, used 17404K [0x00000000d5580000, 0x00000000e8300000, 0x0000000100000000)
  eden space 260096K, 0% used [0x00000000d5580000,0x00000000d5580000,0x00000000e5380000)
  from space 17408K, 99% used [0x00000000e6900000,0x00000000e79ff340,0x00000000e7a00000)
  to   space 22016K, 0% used [0x00000000e5380000,0x00000000e5380000,0x00000000e6900000)
 ParOldGen       total 85504K, used 25622K [0x0000000080000000, 0x0000000085380000, 0x00000000d5580000)
  object space 85504K, 29% used [0x0000000080000000,0x0000000081905a30,0x0000000085380000)
 Metaspace       used 56985K, capacity 59136K, committed 59160K, reserved 1099776K
  class space    used 7596K, capacity 8103K, committed 8112K, reserved 1048576K
}
Event: 12.590 GC heap before
{Heap before GC invocations=13 (full 3):
 PSYoungGen      total 277504K, used 17404K [0x00000000d5580000, 0x00000000e8300000, 0x0000000100000000)
  eden space 260096K, 0% used [0x00000000d5580000,0x00000000d5580000,0x00000000e5380000)
  from space 17408K, 99% used [0x00000000e6900000,0x00000000e79ff340,0x00000000e7a00000)
  to   space 22016K, 0% used [0x00000000e5380000,0x00000000e5380000,0x00000000e6900000)
 ParOldGen       total 85504K, used 25622K [0x0000000080000000, 0x0000000085380000, 0x00000000d5580000)
  object space 85504K, 29% used [0x0000000080000000,0x0000000081905a30,0x0000000085380000)
 Metaspace       used 56985K, capacity 59136K, committed 59160K, reserved 1099776K
  class space    used 7596K, capacity 8103K, committed 8112K, reserved 1048576K
Event: 12.852 GC heap after
Heap after GC invocations=13 (full 3):
 PSYoungGen      total 277504K, used 0K [0x00000000d5580000, 0x00000000e8300000, 0x0000000100000000)
  eden space 260096K, 0% used [0x00000000d5580000,0x00000000d5580000,0x00000000e5380000)
  from space 17408K, 0% used [0x00000000e6900000,0x00000000e6900000,0x00000000e7a00000)
  to   space 22016K, 0% used [0x00000000e5380000,0x00000000e5380000,0x00000000e6900000)
 ParOldGen       total 132096K, used 35477K [0x0000000080000000, 0x0000000088100000, 0x00000000d5580000)
  object space 132096K, 26% used [0x0000000080000000,0x00000000822a5740,0x0000000088100000)
 Metaspace       used 56870K, capacity 58872K, committed 59160K, reserved 1099776K
  class space    used 7564K, capacity 8064K, committed 8112K, reserved 1048576K
}
Event: 16.917 GC heap before
{Heap before GC invocations=14 (full 3):
 PSYoungGen      total 277504K, used 260096K [0x00000000d5580000, 0x00000000e8300000, 0x0000000100000000)
  eden space 260096K, 100% used [0x00000000d5580000,0x00000000e5380000,0x00000000e5380000)
  from space 17408K, 0% used [0x00000000e6900000,0x00000000e6900000,0x00000000e7a00000)
  to   space 22016K, 0% used [0x00000000e5380000,0x00000000e5380000,0x00000000e6900000)
 ParOldGen       total 132096K, used 35477K [0x0000000080000000, 0x0000000088100000, 0x00000000d5580000)
  object space 132096K, 26% used [0x0000000080000000,0x00000000822a5740,0x0000000088100000)
 Metaspace       used 69872K, capacity 72778K, committed 73136K, reserved 1112064K
  class space    used 9472K, capacity 10052K, committed 10160K, reserved 1048576K
Event: 16.947 GC heap after
Heap after GC invocations=14 (full 3):
 PSYoungGen      total 282112K, used 21042K [0x00000000d5580000, 0x00000000eba80000, 0x0000000100000000)
  eden space 260096K, 0% used [0x00000000d5580000,0x00000000d5580000,0x00000000e5380000)
  from space 22016K, 95% used [0x00000000e5380000,0x00000000e680c968,0x00000000e6900000)
  to   space 25088K, 0% used [0x00000000ea200000,0x00000000ea200000,0x00000000eba80000)
 ParOldGen       total 132096K, used 35485K [0x0000000080000000, 0x0000000088100000, 0x00000000d5580000)
  object space 132096K, 26% used [0x0000000080000000,0x00000000822a7740,0x0000000088100000)
 Metaspace       used 69872K, capacity 72778K, committed 73136K, reserved 1112064K
  class space    used 9472K, capacity 10052K, committed 10160K, reserved 1048576K
}
Event: 19.163 GC heap before
{Heap before GC invocations=15 (full 3):
 PSYoungGen      total 282112K, used 281138K [0x00000000d5580000, 0x00000000eba80000, 0x0000000100000000)
  eden space 260096K, 100% used [0x00000000d5580000,0x00000000e5380000,0x00000000e5380000)
  from space 22016K, 95% used [0x00000000e5380000,0x00000000e680c968,0x00000000e6900000)
  to   space 25088K, 0% used [0x00000000ea200000,0x00000000ea200000,0x00000000eba80000)
 ParOldGen       total 132096K, used 35485K [0x0000000080000000, 0x0000000088100000, 0x00000000d5580000)
  object space 132096K, 26% used [0x0000000080000000,0x00000000822a7740,0x0000000088100000)
 Metaspace       used 70756K, capacity 73680K, committed 73904K, reserved 1114112K
  class space    used 9540K, capacity 10107K, committed 10160K, reserved 1048576K
Event: 19.200 GC heap after
Heap after GC invocations=15 (full 3):
 PSYoungGen      total 337920K, used 21787K [0x00000000d5580000, 0x00000000ebf80000, 0x0000000100000000)
  eden space 312832K, 0% used [0x00000000d5580000,0x00000000d5580000,0x00000000e8700000)
  from space 25088K, 86% used [0x00000000ea200000,0x00000000eb746e00,0x00000000eba80000)
  to   space 27648K, 0% used [0x00000000e8700000,0x00000000e8700000,0x00000000ea200000)
 ParOldGen       total 132096K, used 35493K [0x0000000080000000, 0x0000000088100000, 0x00000000d5580000)
  object space 132096K, 26% used [0x0000000080000000,0x00000000822a9740,0x0000000088100000)
 Metaspace       used 70756K, capacity 73680K, committed 73904K, reserved 1114112K
  class space    used 9540K, capacity 10107K, committed 10160K, reserved 1048576K
}
Event: 5734.212 GC heap before
{Heap before GC invocations=16 (full 3):
 PSYoungGen      total 337920K, used 334619K [0x00000000d5580000, 0x00000000ebf80000, 0x0000000100000000)
  eden space 312832K, 100% used [0x00000000d5580000,0x00000000e8700000,0x00000000e8700000)
  from space 25088K, 86% used [0x00000000ea200000,0x00000000eb746e00,0x00000000eba80000)
  to   space 27648K, 0% used [0x00000000e8700000,0x00000000e8700000,0x00000000ea200000)
 ParOldGen       total 132096K, used 35501K [0x0000000080000000, 0x0000000088100000, 0x00000000d5580000)
  object space 132096K, 26% used [0x0000000080000000,0x00000000822ab760,0x0000000088100000)
 Metaspace       used 79663K, capacity 83292K, committed 83504K, reserved 1122304K
  class space    used 10450K, capacity 11208K, committed 11312K, reserved 1048576K
Event: 5735.163 GC heap after
Heap after GC invocations=16 (full 3):
 PSYoungGen      total 340480K, used 27638K [0x00000000d5580000, 0x00000000f0680000, 0x0000000100000000)
  eden space 312832K, 0% used [0x00000000d5580000,0x00000000d5580000,0x00000000e8700000)
  from space 27648K, 99% used [0x00000000e8700000,0x00000000ea1fd810,0x00000000ea200000)
  to   space 37888K, 0% used [0x00000000ee180000,0x00000000ee180000,0x00000000f0680000)
 ParOldGen       total 132096K, used 52584K [0x0000000080000000, 0x0000000088100000, 0x00000000d5580000)
  object space 132096K, 39% used [0x0000000080000000,0x000000008335a268,0x0000000088100000)
 Metaspace       used 79663K, capacity 83292K, committed 83504K, reserved 1122304K
  class space    used 10450K, capacity 11208K, committed 11312K, reserved 1048576K
}

Deoptimization events (10 events):
Event: 5747.436 Thread 0x000000001a3c8000 Uncommon trap: reason=unstable_if action=reinterpret pc=0x0000000003735718 method=org.gradle.internal.logging.text.AbstractLineChoppingStyledTextOutput$2.execute(Lorg/gradle/internal/logging/text/AbstractLineChoppingStyledTextOutput$StateContext;)V @ 30
Event: 5747.458 Thread 0x000000001a3c8000 Uncommon trap: reason=bimorphic action=maybe_recompile pc=0x0000000004235384 method=java.io.ObjectOutputStream$BlockDataOutputStream.write([BIIZ)V @ 23
Event: 5747.461 Thread 0x000000001a3c8000 Uncommon trap: reason=bimorphic action=maybe_recompile pc=0x0000000004235384 method=java.io.ObjectOutputStream$BlockDataOutputStream.write([BIIZ)V @ 23
Event: 5747.462 Thread 0x000000001a3c8000 Uncommon trap: reason=bimorphic action=maybe_recompile pc=0x0000000004235384 method=java.io.ObjectOutputStream$BlockDataOutputStream.write([BIIZ)V @ 23
Event: 5747.462 Thread 0x000000001a3c8000 Uncommon trap: reason=class_check action=maybe_recompile pc=0x000000000345c2d4 method=java.lang.String.equals(Ljava/lang/Object;)Z @ 8
Event: 5747.462 Thread 0x000000001a3c8000 Uncommon trap: reason=class_check action=maybe_recompile pc=0x000000000345c2d4 method=java.lang.String.equals(Ljava/lang/Object;)Z @ 8
Event: 5747.462 Thread 0x000000001a3c8000 Uncommon trap: reason=class_check action=maybe_recompile pc=0x000000000345c2d4 method=java.lang.String.equals(Ljava/lang/Object;)Z @ 8
Event: 5747.462 Thread 0x000000001a3c8000 Uncommon trap: reason=bimorphic action=maybe_recompile pc=0x0000000004235384 method=java.io.ObjectOutputStream$BlockDataOutputStream.write([BIIZ)V @ 23
Event: 5747.462 Thread 0x000000001a3c8000 Uncommon trap: reason=class_check action=maybe_recompile pc=0x000000000345c2d4 method=java.lang.String.equals(Ljava/lang/Object;)Z @ 8
Event: 5747.501 Thread 0x000000001a3c8000 Uncommon trap: reason=array_check action=maybe_recompile pc=0x000000000590fbb0 method=java.util.ComparableTimSort.binarySort([Ljava/lang/Object;III)V @ 183

Classes redefined (0 events):
No events

Internal exceptions (10 events):
Event: 5744.036 Thread 0x000000001a3c8000 Exception <a 'sun/nio/fs/WindowsException'> (0x00000000e180f328) thrown at [C:\src\AOSP-openjdk-git\hotspot\src\share\vm\prims\jni.cpp, line 710]
Event: 5745.222 Thread 0x000000001a3c8000 Exception <a 'java/lang/NoSuchMethodError': <clinit>> (0x00000000e4959c30) thrown at [C:\src\AOSP-openjdk-git\hotspot\src\share\vm\prims\jni.cpp, line 1615]
Event: 5745.226 Thread 0x000000001a3c8000 Exception <a 'java/lang/NoSuchMethodError': <clinit>> (0x00000000e497a510) thrown at [C:\src\AOSP-openjdk-git\hotspot\src\share\vm\prims\jni.cpp, line 1615]
Event: 5745.231 Thread 0x000000001a3c8000 Exception <a 'java/lang/NoSuchMethodError': <clinit>> (0x00000000e49a30c0) thrown at [C:\src\AOSP-openjdk-git\hotspot\src\share\vm\prims\jni.cpp, line 1615]
Event: 5745.237 Thread 0x000000001a3c8000 Exception <a 'java/lang/NoSuchMethodError': <clinit>> (0x00000000e49e2c98) thrown at [C:\src\AOSP-openjdk-git\hotspot\src\share\vm\prims\jni.cpp, line 1615]
Event: 5747.278 Thread 0x000000001f497800 Exception <a 'java/io/IOException'> (0x00000000e4bfead0) thrown at [C:\src\AOSP-openjdk-git\hotspot\src\share\vm\prims\jni.cpp, line 710]
Event: 5747.287 Thread 0x000000001a3c8000 Exception <a 'java/lang/reflect/InvocationTargetException'> (0x00000000e4a29320) thrown at [C:\src\AOSP-openjdk-git\hotspot\src\share\vm\runtime\reflection.cpp, line 1092]
Event: 5747.336 Thread 0x000000001a3cc800 Exception <a 'java/lang/NoSuchMethodError': <clinit>> (0x00000000d70c1bd0) thrown at [C:\src\AOSP-openjdk-git\hotspot\src\share\vm\prims\jni.cpp, line 1615]
Event: 5747.339 Thread 0x000000001a3cc800 Exception <a 'java/lang/NoSuchMethodError': <clinit>> (0x00000000d70d1b38) thrown at [C:\src\AOSP-openjdk-git\hotspot\src\share\vm\prims\jni.cpp, line 1615]
Event: 5747.421 Thread 0x000000001a3c8000 Exception <a 'sun/nio/fs/WindowsException'> (0x00000000e4ee8868) thrown at [C:\src\AOSP-openjdk-git\hotspot\src\share\vm\prims\jni.cpp, line 710]

Events (10 events):
Event: 5747.483 Thread 0x0000000017f24000 flushing nmethod 0x0000000004e06d10
Event: 5747.486 Thread 0x0000000017f24000 flushing nmethod 0x0000000005264c10
Event: 5747.486 Thread 0x0000000017f24000 flushing nmethod 0x0000000005266890
Event: 5747.488 Thread 0x0000000017f24000 flushing nmethod 0x00000000053da750
Event: 5747.488 Thread 0x0000000017f24000 flushing nmethod 0x00000000054cb450
Event: 5747.488 Thread 0x0000000017f24000 flushing nmethod 0x00000000054ebfd0
Event: 5747.488 Thread 0x0000000017f24000 flushing nmethod 0x000000000558e250
Event: 5747.501 Thread 0x000000001a3c8000 Uncommon trap: trap_request=0xffffffd6 fr.pc=0x000000000590fbb0
Event: 5747.501 Thread 0x000000001a3c8000 DEOPT PACKING pc=0x000000000590fbb0 sp=0x000000001d08cac0
Event: 5747.501 Thread 0x000000001a3c8000 DEOPT UNPACKING pc=0x000000000333557b sp=0x000000001d08ca68 mode 2


Dynamic libraries:
0x00007ff6b8a60000 - 0x00007ff6b8a91000 	C:\Program Files\Android\Android Studio\jre\bin\java.exe
0x00007ff8e44f0000 - 0x00007ff8e46e5000 	C:\WINDOWS\SYSTEM32\ntdll.dll
0x00007ff8c2710000 - 0x00007ff8c2725000 	C:\Program Files\Avast Software\Avast\aswhook.dll
0x00007ff8e35b0000 - 0x00007ff8e366d000 	C:\WINDOWS\System32\KERNEL32.DLL
0x00007ff8e2070000 - 0x00007ff8e2339000 	C:\WINDOWS\System32\KERNELBASE.dll
0x00007ff8e2560000 - 0x00007ff8e260c000 	C:\WINDOWS\System32\ADVAPI32.dll
0x00007ff8e4310000 - 0x00007ff8e43ae000 	C:\WINDOWS\System32\msvcrt.dll
0x00007ff8e4200000 - 0x00007ff8e429b000 	C:\WINDOWS\System32\sechost.dll
0x00007ff8e2610000 - 0x00007ff8e273a000 	C:\WINDOWS\System32\RPCRT4.dll
0x00007ff8e2cd0000 - 0x00007ff8e2e70000 	C:\WINDOWS\System32\USER32.dll
0x00007ff8e23e0000 - 0x00007ff8e2402000 	C:\WINDOWS\System32\win32u.dll
0x00007ff8e3700000 - 0x00007ff8e372a000 	C:\WINDOWS\System32\GDI32.dll
0x00007ff8e1f60000 - 0x00007ff8e206b000 	C:\WINDOWS\System32\gdi32full.dll
0x00007ff8e2340000 - 0x00007ff8e23dd000 	C:\WINDOWS\System32\msvcp_win.dll
0x00007ff8e1c20000 - 0x00007ff8e1d20000 	C:\WINDOWS\System32\ucrtbase.dll
0x00007ff8cf710000 - 0x00007ff8cf9aa000 	C:\WINDOWS\WinSxS\amd64_microsoft.windows.common-controls_6595b64144ccf1df_6.0.19041.1110_none_60b5254171f9507e\COMCTL32.dll
0x00007ff8e3a90000 - 0x00007ff8e3ac0000 	C:\WINDOWS\System32\IMM32.DLL
0x0000000052070000 - 0x0000000052142000 	C:\Program Files\Android\Android Studio\jre\jre\bin\msvcr100.dll
0x0000000052bc0000 - 0x000000005340b000 	C:\Program Files\Android\Android Studio\jre\jre\bin\server\jvm.dll
0x00007ff8e3c40000 - 0x00007ff8e3c48000 	C:\WINDOWS\System32\PSAPI.DLL
0x00007ff8d1040000 - 0x00007ff8d104a000 	C:\WINDOWS\SYSTEM32\VERSION.dll
0x00007ff8cea10000 - 0x00007ff8cea37000 	C:\WINDOWS\SYSTEM32\WINMM.dll
0x00007ff8cea70000 - 0x00007ff8cea79000 	C:\WINDOWS\SYSTEM32\WSOCK32.dll
0x00007ff8e3bd0000 - 0x00007ff8e3c3b000 	C:\WINDOWS\System32\WS2_32.dll
0x00007ff8dd680000 - 0x00007ff8dd68f000 	C:\Program Files\Android\Android Studio\jre\jre\bin\verify.dll
0x00007ff8d47c0000 - 0x00007ff8d47e9000 	C:\Program Files\Android\Android Studio\jre\jre\bin\java.dll
0x00007ff8dd660000 - 0x00007ff8dd676000 	C:\Program Files\Android\Android Studio\jre\jre\bin\zip.dll
0x00007ff8e2e70000 - 0x00007ff8e35af000 	C:\WINDOWS\System32\SHELL32.dll
0x00007ff8dfd30000 - 0x00007ff8e04c0000 	C:\WINDOWS\SYSTEM32\windows.storage.dll
0x00007ff8e3730000 - 0x00007ff8e3a85000 	C:\WINDOWS\System32\combase.dll
0x00007ff8e1680000 - 0x00007ff8e16ac000 	C:\WINDOWS\SYSTEM32\Wldp.dll
0x00007ff8e3b20000 - 0x00007ff8e3bce000 	C:\WINDOWS\System32\SHCORE.dll
0x00007ff8e2c70000 - 0x00007ff8e2cc5000 	C:\WINDOWS\System32\shlwapi.dll
0x00007ff8e1b60000 - 0x00007ff8e1b7f000 	C:\WINDOWS\SYSTEM32\profapi.dll
0x00007ff8d3630000 - 0x00007ff8d364a000 	C:\Program Files\Android\Android Studio\jre\jre\bin\net.dll
0x00007ff8e13e0000 - 0x00007ff8e144a000 	C:\WINDOWS\system32\mswsock.dll
0x00007ff8d3370000 - 0x00007ff8d3383000 	C:\Program Files\Android\Android Studio\jre\jre\bin\nio.dll
0x00007ff8da3c0000 - 0x00007ff8da3e6000 	C:\Users\thezodiac\.gradle\native\31\windows-amd64\native-platform.dll
0x00007ff8d4550000 - 0x00007ff8d455d000 	C:\Program Files\Android\Android Studio\jre\jre\bin\management.dll
0x00007ff8e15d0000 - 0x00007ff8e15e8000 	C:\WINDOWS\SYSTEM32\CRYPTSP.dll
0x00007ff8e0cf0000 - 0x00007ff8e0d24000 	C:\WINDOWS\system32\rsaenh.dll
0x00007ff8e1f30000 - 0x00007ff8e1f57000 	C:\WINDOWS\System32\bcrypt.dll
0x00007ff8e1b20000 - 0x00007ff8e1b4e000 	C:\WINDOWS\SYSTEM32\USERENV.dll
0x00007ff8e2410000 - 0x00007ff8e2493000 	C:\WINDOWS\System32\bcryptprimitives.dll
0x00007ff8e15f0000 - 0x00007ff8e15fc000 	C:\WINDOWS\SYSTEM32\CRYPTBASE.dll
0x00007ff8e1080000 - 0x00007ff8e10bb000 	C:\WINDOWS\SYSTEM32\IPHLPAPI.DLL
0x00007ff8e4300000 - 0x00007ff8e4308000 	C:\WINDOWS\System32\NSI.dll
0x00007ff8d7480000 - 0x00007ff8d7497000 	C:\WINDOWS\SYSTEM32\dhcpcsvc6.DLL
0x00007ff8d7500000 - 0x00007ff8d751d000 	C:\WINDOWS\SYSTEM32\dhcpcsvc.DLL
0x00007ff8e10d0000 - 0x00007ff8e119c000 	C:\WINDOWS\SYSTEM32\DNSAPI.dll
0x00007ff8df4d0000 - 0x00007ff8df560000 	C:\WINDOWS\system32\apphelp.dll
0x00007ff87cf20000 - 0x00007ff87d0bc000 	C:\Program Files\Android\Android Studio\jre\jre\bin\awt.dll
0x00007ff8e2740000 - 0x00007ff8e280d000 	C:\WINDOWS\System32\OLEAUT32.dll
0x00007ff8df870000 - 0x00007ff8df89f000 	C:\WINDOWS\SYSTEM32\dwmapi.dll
0x00007ff8de180000 - 0x00007ff8de740000 	C:\WINDOWS\SYSTEM32\d2d1.dll
0x00007ff8df650000 - 0x00007ff8df6ee000 	C:\WINDOWS\system32\uxtheme.dll

VM Arguments:
jvm_args: -Xmx2048m -Dfile.encoding=windows-1252 -Duser.country=US -Duser.language=en -Duser.variant 
java_command: org.gradle.launcher.daemon.bootstrap.GradleDaemon 6.1.1
java_class_path (initial): C:\Users\thezodiac\.gradle\wrapper\dists\gradle-6.1.1-all\cfmwm155h49vnt3hynmlrsdst\gradle-6.1.1\lib\gradle-launcher-6.1.1.jar
Launcher Type: SUN_STANDARD

Environment Variables:
JAVA_HOME=C:\Program Files\Java\jdk-14
PATH=C:\Python38\Scripts\;C:\Python38\;C:\WINDOWS\system32;C:\WINDOWS;C:\WINDOWS\System32\Wbem;C:\WINDOWS\System32\WindowsPowerShell\v1.0\;C:\WINDOWS\System32\OpenSSH\;C:\Program Files\nodejs\;C:\ProgramData\chocolatey\bin;C:\Program Files\Git\cmd;C:\Program Files (x86)\dotnet\;C:\Users\thezodiac\AppData\Local\Programs\Python\Python39\Scripts\;C:\Users\thezodiac\AppData\Local\Programs\Python\Python39\;C:\Users\thezodiac\AppData\Local\Microsoft\WindowsApps;;C:\Users\thezodiac\AppData\Local\Programs\Microsoft VS Code\bin;C:\Users\thezodiac\AppData\Roaming\npm
USERNAME=thezodiac
OS=Windows_NT
PROCESSOR_IDENTIFIER=Intel64 Family 6 Model 78 Stepping 3, GenuineIntel



---------------  S Y S T E M  ---------------

OS: Windows 10.0 , 64 bit Build 19041 (10.0.19041.1151)

CPU:total 4 (initial active 4) (2 cores per cpu, 2 threads per core) family 6 model 78 stepping 3, cmov, cx8, fxsr, mmx, sse, sse2, sse3, ssse3, sse4.1, sse4.2, popcnt, avx, avx2, aes, clmul, erms, 3dnowpref, lzcnt, ht, tsc, tscinvbit, bmi1, bmi2, adx

Memory: 4k page, physical 8080836k(445832k free), swap 12275140k(4368k free)

vm_info: OpenJDK 64-Bit Server VM (25.242-b01) for windows-amd64 JRE (1.8.0_242-release-1644-b01), built by "builder" with MS VC++ 10.0 (VS2010)

time: Fri Sep 17 21:02:41 2021
timezone: Nepal Standard Time
elapsed time: 5747 seconds (0d 1h 35m 47s)

